<?xml version="1.0" encoding="UTF-8"?>
<!-- Generated by org.testng.reporters.JUnitReportReporter -->
<testsuite hostname="Nuvobook_V1" failures="0" tests="2" name="product_listing_test.login" time="3.360" errors="0" timestamp="2024-12-07T17:23:34 IST" skipped="1">
  <testcase classname="product_listing_test.login" name="user_login" time="3.360"/>
  <system-out/>
  <testcase classname="product_listing_test.login" name="fake_store">
    <skipped/>
  </testcase> <!-- fake_store -->
  <system-out/>
</testsuite> <!-- product_listing_test.login -->
