<?xml version="1.0" encoding="UTF-8"?>
<!-- Generated by org.testng.reporters.JUnitReportReporter -->
<testsuite hostname="Nuvobook_V1" failures="0" tests="10" name="product_listing_test.fakestore" time="31.602" errors="0" timestamp="2024-12-07T16:10:55 IST" skipped="1">
  <testcase classname="product_listing_test.fakestore" name="add_new_product" time="6.489"/>
  <system-out/>
  <testcase classname="product_listing_test.fakestore" name="sort_results" time="2.823"/>
  <system-out/>
  <testcase classname="product_listing_test.fakestore" name="update_a_product" time="1.680"/>
  <system-out/>
  <testcase classname="product_listing_test.fakestore" name="get_product_in_a_specific_categories" time="0.517"/>
  <system-out/>
  <testcase classname="product_listing_test.fakestore" name="get_all_categories" time="1.360"/>
  <system-out/>
  <testcase classname="product_listing_test.fakestore" name="limit_result" time="5.124"/>
  <system-out/>
  <testcase classname="product_listing_test.fakestore" name="get_a_single_product" time="6.358"/>
  <system-out/>
  <testcase classname="product_listing_test.fakestore" name="get_all_product" time="1.655"/>
  <system-out/>
  <testcase classname="product_listing_test.fakestore" name="delete_a_product" time="5.596"/>
  <system-out/>
  <testcase classname="product_listing_test.fakestore" name="fake_store">
    <skipped/>
  </testcase> <!-- fake_store -->
  <system-out/>
</testsuite> <!-- product_listing_test.fakestore -->
